<?xml version="1.0" encoding="UTF-8"?>
<testng-results skipped="0" failed="1" ignored="0" total="3" passed="2">
  <reporter-output>
  </reporter-output>
  <suite name="Default suite" duration-ms="7744" started-at="2017-05-18T11:33:33Z" finished-at="2017-05-18T11:33:41Z">
    <groups>
    </groups>
    <test name="Default test" duration-ms="7744" started-at="2017-05-18T11:33:33Z" finished-at="2017-05-18T11:33:41Z">
      <class name="rozetka.withSelenium">
        <test-method status="PASS" signature="setUp()[pri:0, instance:rozetka.withSelenium@643b1d11]" name="setUp" is-config="true" duration-ms="1141" started-at="2017-05-18T14:33:33Z" finished-at="2017-05-18T14:33:35Z">
          <reporter-output>
          </reporter-output>
        </test-method> <!-- setUp -->
        <test-method status="PASS" signature="searchProductByArticle()[pri:1, instance:rozetka.withSelenium@643b1d11]" name="searchProductByArticle" duration-ms="6432" started-at="2017-05-18T14:33:35Z" finished-at="2017-05-18T14:33:41Z">
          <reporter-output>
          </reporter-output>
        </test-method> <!-- searchProductByArticle -->
        <test-method status="FAIL" signature="countComments()[pri:0, instance:rozetka.withSelenium@643b1d11]" name="countComments" duration-ms="51" started-at="2017-05-18T14:33:41Z" depends-on-methods="rozetka.withSelenium.searchProductByArticle" finished-at="2017-05-18T14:33:41Z">
          <exception class="org.junit.ComparisonFailure">
            <message>
              <![CDATA[expected:<[49]> but was:<[50]>]]>
            </message>
            <full-stacktrace>
              <![CDATA[org.junit.ComparisonFailure: expected:<[49]> but was:<[50]>
	at org.junit.Assert.assertEquals(Assert.java:115)
	at org.junit.Assert.assertEquals(Assert.java:144)
	at rozetka.withSelenium.countComments(withSelenium.java:33)
	at sun.reflect.NativeMethodAccessorImpl.invoke0(Native Method)
	at sun.reflect.NativeMethodAccessorImpl.invoke(NativeMethodAccessorImpl.java:62)
	at sun.reflect.DelegatingMethodAccessorImpl.invoke(DelegatingMethodAccessorImpl.java:43)
	at java.lang.reflect.Method.invoke(Method.java:498)
	at org.testng.internal.MethodInvocationHelper.invokeMethod(MethodInvocationHelper.java:104)
	at org.testng.internal.Invoker.invokeMethod(Invoker.java:645)
	at org.testng.internal.Invoker.invokeTestMethod(Invoker.java:851)
	at org.testng.internal.Invoker.invokeTestMethods(Invoker.java:1177)
	at org.testng.internal.TestMethodWorker.invokeTestMethods(TestMethodWorker.java:129)
	at org.testng.internal.TestMethodWorker.run(TestMethodWorker.java:112)
	at org.testng.TestRunner.privateRun(TestRunner.java:756)
	at org.testng.TestRunner.run(TestRunner.java:610)
	at org.testng.SuiteRunner.runTest(SuiteRunner.java:387)
	at org.testng.SuiteRunner.runSequentially(SuiteRunner.java:382)
	at org.testng.SuiteRunner.privateRun(SuiteRunner.java:340)
	at org.testng.SuiteRunner.run(SuiteRunner.java:289)
	at org.testng.SuiteRunnerWorker.runSuite(SuiteRunnerWorker.java:52)
	at org.testng.SuiteRunnerWorker.run(SuiteRunnerWorker.java:86)
	at org.testng.TestNG.runSuitesSequentially(TestNG.java:1293)
	at org.testng.TestNG.runSuitesLocally(TestNG.java:1218)
	at org.testng.TestNG.runSuites(TestNG.java:1133)
	at org.testng.TestNG.run(TestNG.java:1104)
	at org.testng.remote.AbstractRemoteTestNG.run(AbstractRemoteTestNG.java:132)
	at org.testng.remote.RemoteTestNG.initAndRun(RemoteTestNG.java:236)
	at org.testng.remote.RemoteTestNG.main(RemoteTestNG.java:81)
]]>
            </full-stacktrace>
          </exception> <!-- org.junit.ComparisonFailure -->
          <reporter-output>
          </reporter-output>
        </test-method> <!-- countComments -->
        <test-method status="PASS" signature="countRating()[pri:0, instance:rozetka.withSelenium@643b1d11]" name="countRating" duration-ms="31" started-at="2017-05-18T14:33:41Z" depends-on-methods="rozetka.withSelenium.searchProductByArticle" finished-at="2017-05-18T14:33:41Z">
          <reporter-output>
          </reporter-output>
        </test-method> <!-- countRating -->
        <test-method status="PASS" signature="tearDown()[pri:0, instance:rozetka.withSelenium@643b1d11]" name="tearDown" is-config="true" duration-ms="72" started-at="2017-05-18T14:33:41Z" finished-at="2017-05-18T14:33:41Z">
          <reporter-output>
          </reporter-output>
        </test-method> <!-- tearDown -->
      </class> <!-- rozetka.withSelenium -->
    </test> <!-- Default test -->
  </suite> <!-- Default suite -->
</testng-results>
